#
# A fatal error has been detected by the Java Runtime Environment:
#
#  EXCEPTION_ACCESS_VIOLATION (0xc0000005) at pc=0x00000001800044cb, pid=9960, tid=9264
#
# JRE version: Java(TM) SE Runtime Environment (10.0.2+13) (build 10.0.2+13)
# Java VM: Java HotSpot(TM) 64-Bit Server VM (10.0.2+13, mixed mode, tiered, compressed oops, g1 gc, windows-amd64)
# Problematic frame:
# C  [rxtxSerial.dll+0x44cb]
#
# No core dump will be written. Minidumps are not enabled by default on client versions of Windows
#
# If you would like to submit a bug report, please visit:
#   http://bugreport.java.com/bugreport/crash.jsp
# The crash happened outside the Java Virtual Machine in native code.
# See problematic frame for where to report the bug.
#

---------------  S U M M A R Y ------------

Command Line: MultiWiiConf

Host: Intel(R) Celeron(R) CPU  N3060  @ 1.60GHz, 2 cores, 3G,  Windows 10 , 64 bit Build 17134 (10.0.17134.1)
Time: Thu Aug 30 10:13:30 2018 South Africa Standard Time elapsed time: 133 seconds (0d 0h 2m 13s)

---------------  T H R E A D  ---------------

Current thread (0x000001549a740000):  JavaThread "Animation Thread" [_thread_in_native, id=9264, stack(0x000000078a200000,0x000000078a300000)]

Stack: [0x000000078a200000,0x000000078a300000],  sp=0x000000078a2fe780,  free space=1017k
Native frames: (J=compiled Java code, j=interpreted, Vv=VM code, C=native code)
C  [rxtxSerial.dll+0x44cb]

Java frames: (J=compiled Java code, j=interpreted, Vv=VM code)
j  gnu.io.RXTXPort.nativeDrain(Z)Z+0
j  gnu.io.RXTXPort$SerialOutputStream.flush()V+92
j  processing.serial.Serial.write([B)V+12
j  MultiWiiConf.sendRequestMSP(Ljava/util/List;)V+60
j  MultiWiiConf.draw()V+934
J 2181 c1 processing.core.PApplet.handleDraw()V (239 bytes) @ 0x000001548806341c [0x0000015488062d00+0x000000000000071c]
j  processing.core.PApplet.run()V+72
j  java.lang.Thread.run()V+11 java.base@10.0.2
v  ~StubRoutines::call_stub

siginfo: EXCEPTION_ACCESS_VIOLATION (0xc0000005), reading address 0xffffffff8a1fed1c


Register to memory mapping:

RIP=0x00000001800044cb rxtxSerial.dll
RAX=0x000000000000001c is an unknown value
RBX=0x0000000000000001 is an unknown value
RCX=0x000000078a2feb5c is pointing into the stack for thread: 0x000001549a740000
RDX=0x0000000000000000 is an unknown value
RSP=0x000000078a2fe780 is pointing into the stack for thread: 0x000001549a740000
RBP=0x0000000000000001 is an unknown value
RSI=0x0000000000000000 is an unknown value
RDI=0x000001549a740270 is an unknown value
R8 =0x000000078a2fe440 is pointing into the stack for thread: 0x000001549a740000
R9 =0x0000000180000000 rxtxSerial.dll
R10=0x0000000000000000 is an unknown value
R11=0x0000000000000200 is an unknown value
R12=0xffffffff8a1fed10 is an unknown value
R13=0x0000000000000000 is an unknown value
R14=0x000000078a2fec70 is pointing into the stack for thread: 0x000001549a740000
R15=0x000001549a740000 is a thread


Registers:
RAX=0x000000000000001c, RBX=0x0000000000000001, RCX=0x000000078a2feb5c, RDX=0x0000000000000000
RSP=0x000000078a2fe780, RBP=0x0000000000000001, RSI=0x0000000000000000, RDI=0x000001549a740270
R8 =0x000000078a2fe440, R9 =0x0000000180000000, R10=0x0000000000000000, R11=0x0000000000000200
R12=0xffffffff8a1fed10, R13=0x0000000000000000, R14=0x000000078a2fec70, R15=0x000001549a740000
RIP=0x00000001800044cb, EFLAGS=0x0000000000010282

Top of Stack: (sp=0x000000078a2fe780)
0x000000078a2fe780:   00000154e00c3858 000000018001c4c0
0x000000078a2fe790:   0000000000000000 0000000000000001
0x000000078a2fe7a0:   00000000559fbfe0 00007ffc86f56439
0x000000078a2fe7b0:   000000078a2fec70 00000154876f7480
0x000000078a2fe7c0:   000001549a740000 0000000055cadb26
0x000000078a2fe7d0:   000001549971be00 000000078a2fe9c0
0x000000078a2fe7e0:   000001549971be00 000000078a2fe9c0
0x000000078a2fe7f0:   00000154fda2eb10 0000000055cad7ac
0x000000078a2fe800:   000000078a2fe850 000001549a740000
0x000000078a2fe810:   0000015498efa6a8 0000015498efcc48
0x000000078a2fe820:   000000078a2fe900 0000000055cadb26
0x000000078a2fe830:   00000154e00c3858 00000154fda2eb10
0x000000078a2fe840:   00000154e00c0000 000000005575710d
0x000000078a2fe850:   0000000000000000 0000000055cad3c8
0x000000078a2fe860:   000000078a2fe900 0000015400000004
0x000000078a2fe870:   00000000986e0000 000001549a740000 

Instructions: (pc=0x00000001800044cb)
0x00000001800044ab:   1f 48 8b d3 48 8b cf 41 ff 93 b8 00 00 00 45 84
0x00000001800044bb:   ed 0f 85 b7 00 00 00 4d 85 e4 0f 84 ae 00 00 00
0x00000001800044cb:   41 83 7c 24 0c 00 0f 84 a2 00 00 00 48 8d 4c 24
0x00000001800044db:   38 49 8b d4 41 b8 40 03 00 00 e8 06 64 00 00 4c 



---------------  P R O C E S S  ---------------

Threads class SMR info:
_java_thread_list=0x000001549afc5400, length=16, elements={
0x0000015498fe8800, 0x0000015498fe9800, 0x000001549902c800, 0x000001549902d800,
0x000001549902e000, 0x0000015499070800, 0x000001549909f800, 0x00000154991ca800,
0x00000154991d0000, 0x00000154992b3000, 0x0000015499725800, 0x0000015499728000,
0x00000154991cd800, 0x000001549a740000, 0x00000154fda31800, 0x0000015499a4e800
}

Java Threads: ( => current thread )
  0x0000015498fe8800 JavaThread "Reference Handler" daemon [_thread_blocked, id=2596, stack(0x0000000789300000,0x0000000789400000)]
  0x0000015498fe9800 JavaThread "Finalizer" daemon [_thread_blocked, id=3980, stack(0x0000000789400000,0x0000000789500000)]
  0x000001549902c800 JavaThread "Signal Dispatcher" daemon [_thread_blocked, id=9036, stack(0x0000000789500000,0x0000000789600000)]
  0x000001549902d800 JavaThread "Attach Listener" daemon [_thread_blocked, id=6588, stack(0x0000000789600000,0x0000000789700000)]
  0x000001549902e000 JavaThread "C2 CompilerThread0" daemon [_thread_blocked, id=2204, stack(0x0000000789700000,0x0000000789800000)]
  0x0000015499070800 JavaThread "C1 CompilerThread1" daemon [_thread_blocked, id=5744, stack(0x0000000789800000,0x0000000789900000)]
  0x000001549909f800 JavaThread "Sweeper thread" daemon [_thread_blocked, id=9232, stack(0x0000000789900000,0x0000000789a00000)]
  0x00000154991ca800 JavaThread "Service Thread" daemon [_thread_blocked, id=7688, stack(0x0000000789a00000,0x0000000789b00000)]
  0x00000154991d0000 JavaThread "Common-Cleaner" daemon [_thread_blocked, id=7896, stack(0x0000000789b00000,0x0000000789c00000)]
  0x00000154992b3000 JavaThread "Java2D Disposer" daemon [_thread_blocked, id=5188, stack(0x0000000789d00000,0x0000000789e00000)]
  0x0000015499725800 JavaThread "AWT-Shutdown" [_thread_blocked, id=10008, stack(0x0000000789e00000,0x0000000789f00000)]
  0x0000015499728000 JavaThread "AWT-Windows" daemon [_thread_in_native, id=9848, stack(0x0000000789f00000,0x000000078a000000)]
  0x00000154991cd800 JavaThread "AWT-EventQueue-0" [_thread_blocked, id=8360, stack(0x000000078a000000,0x000000078a100000)]
=>0x000001549a740000 JavaThread "Animation Thread" [_thread_in_native, id=9264, stack(0x000000078a200000,0x000000078a300000)]
  0x00000154fda31800 JavaThread "DestroyJavaVM" [_thread_blocked, id=8784, stack(0x0000000788a00000,0x0000000788b00000)]
  0x0000015499a4e800 JavaThread "Thread-0" [_thread_in_native, id=5240, stack(0x000000078a100000,0x000000078a200000)]

Other Threads:
  0x0000015498fe5800 VMThread "VM Thread" [stack: 0x0000000789200000,0x0000000789300000] [id=1916]
  0x00000154991db000 WatcherThread [stack: 0x0000000789c00000,0x0000000789d00000] [id=1472]
  0x00000154fda49800 GCTaskThread "GC Thread#0" [stack: 0x0000000788b00000,0x0000000788c00000] [id=5940]
  0x00000154fda4b800 GCTaskThread "GC Thread#1" [stack: 0x0000000788c00000,0x0000000788d00000] [id=2920]
  0x00000154fda86000 ConcurrentGCThread "G1 Main Marker" [stack: 0x0000000788d00000,0x0000000788e00000] [id=5532]
  0x00000154fda90000 ConcurrentGCThread "G1 Conc#0" [stack: 0x0000000788e00000,0x0000000788f00000] [id=6992]
  0x00000154fdaea000 ConcurrentGCThread "G1 Refine#0" [stack: 0x0000000788f00000,0x0000000789000000] [id=996]
  0x00000154fdaeb000 ConcurrentGCThread "G1 Refine#1" [stack: 0x0000000789000000,0x0000000789100000] [id=1244]
  0x00000154fdaed800 ConcurrentGCThread "G1 Young RemSet Sampling" [stack: 0x0000000789100000,0x0000000789200000] [id=3192]

Threads with active compile tasks:

VM state:not at safepoint (normal execution)

VM Mutex/Monitor currently owned by a thread: None

Heap address: 0x00000000c2800000, size: 984 MB, Compressed Oops mode: 32-bit
Narrow klass base: 0x0000000000000000, Narrow klass shift: 3
Compressed class space size: 1073741824 Address: 0x0000000100000000

Heap:
 garbage-first heap   total 76800K, used 15458K [0x00000000c2800000, 0x0000000100000000)
  region size 1024K, 14 young (14336K), 3 survivors (3072K)
 Metaspace       used 18346K, capacity 18669K, committed 19072K, reserved 1067008K
  class space    used 1664K, capacity 1801K, committed 1920K, reserved 1048576K
Heap Regions: E=young(eden), S=young(survivor), O=old, HS=humongous(starts), HC=humongous(continues), CS=collection set, F=free, A=archive, TS=gc time stamp, AC=allocation context, TAMS=top-at-mark-start (previous, next)
|   0|0x00000000c2800000, 0x00000000c2900000, 0x00000000c2900000|100%| O|  |TS  2|AC  0|TAMS 0x00000000c2800000, 0x00000000c2800000|
|   1|0x00000000c2900000, 0x00000000c2a00000, 0x00000000c2a00000|100%| O|  |TS  5|AC  0|TAMS 0x00000000c2900000, 0x00000000c2900000|
|   2|0x00000000c2a00000, 0x00000000c2a18a00, 0x00000000c2b00000|  9%| O|  |TS  7|AC  0|TAMS 0x00000000c2a00000, 0x00000000c2a00000|
|   3|0x00000000c2b00000, 0x00000000c2b00000, 0x00000000c2c00000|  0%| F|  |TS  0|AC  0|TAMS 0x00000000c2b00000, 0x00000000c2b00000|
|   4|0x00000000c2c00000, 0x00000000c2c00000, 0x00000000c2d00000|  0%| F|  |TS  0|AC  0|TAMS 0x00000000c2c00000, 0x00000000c2c00000|
|   5|0x00000000c2d00000, 0x00000000c2d00000, 0x00000000c2e00000|  0%| F|  |TS  0|AC  0|TAMS 0x00000000c2d00000, 0x00000000c2d00000|
|   6|0x00000000c2e00000, 0x00000000c2e00000, 0x00000000c2f00000|  0%| F|  |TS  0|AC  0|TAMS 0x00000000c2e00000, 0x00000000c2e00000|
|   7|0x00000000c2f00000, 0x00000000c2f00000, 0x00000000c3000000|  0%| F|  |TS  0|AC  0|TAMS 0x00000000c2f00000, 0x00000000c2f00000|
|   8|0x00000000c3000000, 0x00000000c3000000, 0x00000000c3100000|  0%| F|  |TS  0|AC  0|TAMS 0x00000000c3000000, 0x00000000c3000000|
|   9|0x00000000c3100000, 0x00000000c3100000, 0x00000000c3200000|  0%| F|  |TS  0|AC  0|TAMS 0x00000000c3100000, 0x00000000c3100000|
|  10|0x00000000c3200000, 0x00000000c3200000, 0x00000000c3300000|  0%| F|  |TS  0|AC  0|TAMS 0x00000000c3200000, 0x00000000c3200000|
|  11|0x00000000c3300000, 0x00000000c3300000, 0x00000000c3400000|  0%| F|  |TS  0|AC  0|TAMS 0x00000000c3300000, 0x00000000c3300000|
|  12|0x00000000c3400000, 0x00000000c3400000, 0x00000000c3500000|  0%| F|  |TS  0|AC  0|TAMS 0x00000000c3400000, 0x00000000c3400000|
|  13|0x00000000c3500000, 0x00000000c3500000, 0x00000000c3600000|  0%| F|  |TS  0|AC  0|TAMS 0x00000000c3500000, 0x00000000c3500000|
|  14|0x00000000c3600000, 0x00000000c3600000, 0x00000000c3700000|  0%| F|  |TS  0|AC  0|TAMS 0x00000000c3600000, 0x00000000c3600000|
|  15|0x00000000c3700000, 0x00000000c3700000, 0x00000000c3800000|  0%| F|  |TS  0|AC  0|TAMS 0x00000000c3700000, 0x00000000c3700000|
|  16|0x00000000c3800000, 0x00000000c3800000, 0x00000000c3900000|  0%| F|  |TS  0|AC  0|TAMS 0x00000000c3800000, 0x00000000c3800000|
|  17|0x00000000c3900000, 0x00000000c3900000, 0x00000000c3a00000|  0%| F|  |TS  0|AC  0|TAMS 0x00000000c3900000, 0x00000000c3900000|
|  18|0x00000000c3a00000, 0x00000000c3a00000, 0x00000000c3b00000|  0%| F|  |TS  0|AC  0|TAMS 0x00000000c3a00000, 0x00000000c3a00000|
|  19|0x00000000c3b00000, 0x00000000c3b00000, 0x00000000c3c00000|  0%| F|  |TS  0|AC  0|TAMS 0x00000000c3b00000, 0x00000000c3b00000|
|  20|0x00000000c3c00000, 0x00000000c3c00000, 0x00000000c3d00000|  0%| F|  |TS  0|AC  0|TAMS 0x00000000c3c00000, 0x00000000c3c00000|
|  21|0x00000000c3d00000, 0x00000000c3d00000, 0x00000000c3e00000|  0%| F|  |TS  0|AC  0|TAMS 0x00000000c3d00000, 0x00000000c3d00000|
|  22|0x00000000c3e00000, 0x00000000c3e00000, 0x00000000c3f00000|  0%| F|  |TS  0|AC  0|TAMS 0x00000000c3e00000, 0x00000000c3e00000|
|  23|0x00000000c3f00000, 0x00000000c3f00000, 0x00000000c4000000|  0%| F|  |TS  0|AC  0|TAMS 0x00000000c3f00000, 0x00000000c3f00000|
|  24|0x00000000c4000000, 0x00000000c4000000, 0x00000000c4100000|  0%| F|  |TS  0|AC  0|TAMS 0x00000000c4000000, 0x00000000c4000000|
|  25|0x00000000c4100000, 0x00000000c4100000, 0x00000000c4200000|  0%| F|  |TS  0|AC  0|TAMS 0x00000000c4100000, 0x00000000c4100000|
|  26|0x00000000c4200000, 0x00000000c4200000, 0x00000000c4300000|  0%| F|  |TS  0|AC  0|TAMS 0x00000000c4200000, 0x00000000c4200000|
|  27|0x00000000c4300000, 0x00000000c4400000, 0x00000000c4400000|100%| S|CS|TS  7|AC  0|TAMS 0x00000000c4300000, 0x00000000c4300000|
|  28|0x00000000c4400000, 0x00000000c4500000, 0x00000000c4500000|100%| S|CS|TS  7|AC  0|TAMS 0x00000000c4400000, 0x00000000c4400000|
|  29|0x00000000c4500000, 0x00000000c4600000, 0x00000000c4600000|100%| S|CS|TS  7|AC  0|TAMS 0x00000000c4500000, 0x00000000c4500000|
|  30|0x00000000c4600000, 0x00000000c4600000, 0x00000000c4700000|  0%| F|  |TS  7|AC  0|TAMS 0x00000000c4600000, 0x00000000c4600000|
|  31|0x00000000c4700000, 0x00000000c4700000, 0x00000000c4800000|  0%| F|  |TS  7|AC  0|TAMS 0x00000000c4700000, 0x00000000c4700000|
|  32|0x00000000c4800000, 0x00000000c4800000, 0x00000000c4900000|  0%| F|  |TS  7|AC  0|TAMS 0x00000000c4800000, 0x00000000c4800000|
|  33|0x00000000c4900000, 0x00000000c4900000, 0x00000000c4a00000|  0%| F|  |TS  7|AC  0|TAMS 0x00000000c4900000, 0x00000000c4900000|
|  34|0x00000000c4a00000, 0x00000000c4a00000, 0x00000000c4b00000|  0%| F|  |TS  7|AC  0|TAMS 0x00000000c4a00000, 0x00000000c4a00000|
|  35|0x00000000c4b00000, 0x00000000c4b00000, 0x00000000c4c00000|  0%| F|  |TS  7|AC  0|TAMS 0x00000000c4b00000, 0x00000000c4b00000|
|  36|0x00000000c4c00000, 0x00000000c4c00000, 0x00000000c4d00000|  0%| F|  |TS  7|AC  0|TAMS 0x00000000c4c00000, 0x00000000c4c00000|
|  37|0x00000000c4d00000, 0x00000000c4d00000, 0x00000000c4e00000|  0%| F|  |TS  7|AC  0|TAMS 0x00000000c4d00000, 0x00000000c4d00000|
|  38|0x00000000c4e00000, 0x00000000c4e00000, 0x00000000c4f00000|  0%| F|  |TS  7|AC  0|TAMS 0x00000000c4e00000, 0x00000000c4e00000|
|  39|0x00000000c4f00000, 0x00000000c4f00000, 0x00000000c5000000|  0%| F|  |TS  7|AC  0|TAMS 0x00000000c4f00000, 0x00000000c4f00000|
|  40|0x00000000c5000000, 0x00000000c5000000, 0x00000000c5100000|  0%| F|  |TS  7|AC  0|TAMS 0x00000000c5000000, 0x00000000c5000000|
|  41|0x00000000c5100000, 0x00000000c5100000, 0x00000000c5200000|  0%| F|  |TS  7|AC  0|TAMS 0x00000000c5100000, 0x00000000c5100000|
|  42|0x00000000c5200000, 0x00000000c5200000, 0x00000000c5300000|  0%| F|  |TS  7|AC  0|TAMS 0x00000000c5200000, 0x00000000c5200000|
|  43|0x00000000c5300000, 0x00000000c5300000, 0x00000000c5400000|  0%| F|  |TS  7|AC  0|TAMS 0x00000000c5300000, 0x00000000c5300000|
|  44|0x00000000c5400000, 0x00000000c5400000, 0x00000000c5500000|  0%| F|  |TS  7|AC  0|TAMS 0x00000000c5400000, 0x00000000c5400000|
|  45|0x00000000c5500000, 0x00000000c5500000, 0x00000000c5600000|  0%| F|  |TS  7|AC  0|TAMS 0x00000000c5500000, 0x00000000c5500000|
|  46|0x00000000c5600000, 0x00000000c5600000, 0x00000000c5700000|  0%| F|  |TS  7|AC  0|TAMS 0x00000000c5600000, 0x00000000c5600000|
|  47|0x00000000c5700000, 0x00000000c5700000, 0x00000000c5800000|  0%| F|  |TS  7|AC  0|TAMS 0x00000000c5700000, 0x00000000c5700000|
|  48|0x00000000c5800000, 0x00000000c5800000, 0x00000000c5900000|  0%| F|  |TS  7|AC  0|TAMS 0x00000000c5800000, 0x00000000c5800000|
|  49|0x00000000c5900000, 0x00000000c5900000, 0x00000000c5a00000|  0%| F|  |TS  7|AC  0|TAMS 0x00000000c5900000, 0x00000000c5900000|
|  50|0x00000000c5a00000, 0x00000000c5a00000, 0x00000000c5b00000|  0%| F|  |TS  7|AC  0|TAMS 0x00000000c5a00000, 0x00000000c5a00000|
|  51|0x00000000c5b00000, 0x00000000c5b00000, 0x00000000c5c00000|  0%| F|  |TS  7|AC  0|TAMS 0x00000000c5b00000, 0x00000000c5b00000|
|  52|0x00000000c5c00000, 0x00000000c5c00000, 0x00000000c5d00000|  0%| F|  |TS  7|AC  0|TAMS 0x00000000c5c00000, 0x00000000c5c00000|
|  53|0x00000000c5d00000, 0x00000000c5d00000, 0x00000000c5e00000|  0%| F|  |TS  7|AC  0|TAMS 0x00000000c5d00000, 0x00000000c5d00000|
|  54|0x00000000c5e00000, 0x00000000c5e00000, 0x00000000c5f00000|  0%| F|  |TS  7|AC  0|TAMS 0x00000000c5e00000, 0x00000000c5e00000|
|  55|0x00000000c5f00000, 0x00000000c5f00000, 0x00000000c6000000|  0%| F|  |TS  7|AC  0|TAMS 0x00000000c5f00000, 0x00000000c5f00000|
|  56|0x00000000c6000000, 0x00000000c6000000, 0x00000000c6100000|  0%| F|  |TS  7|AC  0|TAMS 0x00000000c6000000, 0x00000000c6000000|
|  57|0x00000000c6100000, 0x00000000c6100000, 0x00000000c6200000|  0%| F|  |TS  7|AC  0|TAMS 0x00000000c6100000, 0x00000000c6100000|
|  58|0x00000000c6200000, 0x00000000c6200000, 0x00000000c6300000|  0%| F|  |TS  7|AC  0|TAMS 0x00000000c6200000, 0x00000000c6200000|
|  59|0x00000000c6300000, 0x00000000c6300000, 0x00000000c6400000|  0%| F|  |TS  7|AC  0|TAMS 0x00000000c6300000, 0x00000000c6300000|
|  60|0x00000000c6400000, 0x00000000c6400000, 0x00000000c6500000|  0%| F|  |TS  7|AC  0|TAMS 0x00000000c6400000, 0x00000000c6400000|
|  61|0x00000000c6500000, 0x00000000c6500000, 0x00000000c6600000|  0%| F|  |TS  7|AC  0|TAMS 0x00000000c6500000, 0x00000000c6500000|
|  62|0x00000000c6600000, 0x00000000c6600000, 0x00000000c6700000|  0%| F|  |TS  7|AC  0|TAMS 0x00000000c6600000, 0x00000000c6600000|
|  63|0x00000000c6700000, 0x00000000c6700000, 0x00000000c6800000|  0%| F|  |TS  7|AC  0|TAMS 0x00000000c6700000, 0x00000000c6700000|
|  64|0x00000000c6800000, 0x00000000c68b6440, 0x00000000c6900000| 71%| E|  |TS  7|AC  0|TAMS 0x00000000c6800000, 0x00000000c6800000|
|  65|0x00000000c6900000, 0x00000000c6a00000, 0x00000000c6a00000|100%| E|CS|TS  7|AC  0|TAMS 0x00000000c6900000, 0x00000000c6900000|
|  66|0x00000000c6a00000, 0x00000000c6b00000, 0x00000000c6b00000|100%| E|CS|TS  7|AC  0|TAMS 0x00000000c6a00000, 0x00000000c6a00000|
|  67|0x00000000c6b00000, 0x00000000c6c00000, 0x00000000c6c00000|100%| E|CS|TS  7|AC  0|TAMS 0x00000000c6b00000, 0x00000000c6b00000|
|  68|0x00000000c6c00000, 0x00000000c6d00000, 0x00000000c6d00000|100%| E|CS|TS  7|AC  0|TAMS 0x00000000c6c00000, 0x00000000c6c00000|
|  69|0x00000000c6d00000, 0x00000000c6e00000, 0x00000000c6e00000|100%| E|CS|TS  7|AC  0|TAMS 0x00000000c6d00000, 0x00000000c6d00000|
|  70|0x00000000c6e00000, 0x00000000c6f00000, 0x00000000c6f00000|100%| E|CS|TS  7|AC  0|TAMS 0x00000000c6e00000, 0x00000000c6e00000|
|  71|0x00000000c6f00000, 0x00000000c7000000, 0x00000000c7000000|100%| E|CS|TS  7|AC  0|TAMS 0x00000000c6f00000, 0x00000000c6f00000|
|  72|0x00000000c7000000, 0x00000000c7100000, 0x00000000c7100000|100%| E|CS|TS  7|AC  0|TAMS 0x00000000c7000000, 0x00000000c7000000|
|  73|0x00000000c7100000, 0x00000000c7200000, 0x00000000c7200000|100%| E|CS|TS  7|AC  0|TAMS 0x00000000c7100000, 0x00000000c7100000|
|  74|0x00000000c7200000, 0x00000000c7300000, 0x00000000c7300000|100%| E|CS|TS  7|AC  0|TAMS 0x00000000c7200000, 0x00000000c7200000|

Card table byte_map: [0x00000154fd820000,0x00000154fda10000] byte_map_base: 0x00000154fd20c000

Marking Bits (Prev, Next): (CMBitMap*) 0x00000154fda82f80, (CMBitMap*) 0x00000154fda82fb8
 Prev Bits: [0x00000154fdd00000, 0x00000154fec60000)
 Next Bits: [0x00000154fec60000, 0x00000154ffbc0000)

Polling page: 0x00000154fb870000

CodeHeap 'non-profiled nmethods': size=120064Kb used=1350Kb max_used=1350Kb free=118713Kb
 bounds [0x000001548f190000, 0x000001548f400000, 0x00000154966d0000]
CodeHeap 'profiled nmethods': size=120000Kb used=4624Kb max_used=4624Kb free=115375Kb
 bounds [0x0000015487c60000, 0x00000154880f0000, 0x000001548f190000]
CodeHeap 'non-nmethods': size=5696Kb used=1367Kb max_used=1403Kb free=4328Kb
 bounds [0x00000154876d0000, 0x0000015487940000, 0x0000015487c60000]
 total_blobs=4000 nmethods=2455 adapters=736
 compilation: enabled

Compilation events (10 events):
Event: 127.955 Thread 0x0000015499070800 nmethod 2452 0x00000154880e1a10 code [0x00000154880e1cc0, 0x00000154880e2c50]
Event: 128.511 Thread 0x0000015499070800 2453   !   3       java.awt.event.InvocationEvent::dispatch (69 bytes)
Event: 128.512 Thread 0x0000015499070800 nmethod 2453 0x00000154880e3210 code [0x00000154880e3420, 0x00000154880e3b20]
Event: 129.071 Thread 0x0000015499070800 2454       3       java.nio.ByteBuffer::order (48 bytes)
Event: 129.071 Thread 0x0000015499070800 nmethod 2454 0x00000154880e3d10 code [0x00000154880e3ee0, 0x00000154880e4178]
Event: 130.465 Thread 0x000001549902e000 2455       4       sun.awt.AWTAutoShutdown::notifyToolkitThreadBusy (8 bytes)
Event: 130.473 Thread 0x000001549902e000 nmethod 2455 0x000001548f2e0310 code [0x000001548f2e04c0, 0x000001548f2e0998]
Event: 130.517 Thread 0x000001549902e000 2456       4       sun.awt.AWTAutoShutdown::notifyToolkitThreadFree (8 bytes)
Event: 130.523 Thread 0x000001549902e000 nmethod 2456 0x000001548f2e0c10 code [0x000001548f2e0dc0, 0x000001548f2e1278]
Event: 133.952 Thread 0x000001549902e000 2457       4       java.util.concurrent.ConcurrentHashMap::setTabAt (20 bytes)

GC Heap History (10 events):
Event: 3.225 GC heap before
{Heap before GC invocations=2 (full 0):
 garbage-first heap   total 63488K, used 12467K [0x00000000c2800000, 0x0000000100000000)
  region size 1024K, 11 young (11264K), 1 survivors (1024K)
 Metaspace       used 15928K, capacity 16189K, committed 16640K, reserved 1064960K
  class space    used 1543K, capacity 1687K, committed 1792K, reserved 1048576K
}
Event: 3.239 GC heap after
{Heap after GC invocations=3 (full 0):
 garbage-first heap   total 63488K, used 4037K [0x00000000c2800000, 0x0000000100000000)
  region size 1024K, 2 young (2048K), 2 survivors (2048K)
 Metaspace       used 15928K, capacity 16189K, committed 16640K, reserved 1064960K
  class space    used 1543K, capacity 1687K, committed 1792K, reserved 1048576K
}
Event: 3.333 GC heap before
{Heap before GC invocations=3 (full 0):
 garbage-first heap   total 63488K, used 29637K [0x00000000c2800000, 0x0000000100000000)
  region size 1024K, 27 young (27648K), 2 survivors (2048K)
 Metaspace       used 15959K, capacity 16253K, committed 16640K, reserved 1064960K
  class space    used 1544K, capacity 1687K, committed 1792K, reserved 1048576K
}
Event: 3.342 GC heap after
{Heap after GC invocations=4 (full 0):
 garbage-first heap   total 63488K, used 4337K [0x00000000c2800000, 0x0000000100000000)
  region size 1024K, 3 young (3072K), 3 survivors (3072K)
 Metaspace       used 15959K, capacity 16253K, committed 16640K, reserved 1064960K
  class space    used 1544K, capacity 1687K, committed 1792K, reserved 1048576K
}
Event: 3.395 GC heap before
{Heap before GC invocations=4 (full 0):
 garbage-first heap   total 63488K, used 34033K [0x00000000c2800000, 0x0000000100000000)
  region size 1024K, 32 young (32768K), 3 survivors (3072K)
 Metaspace       used 15968K, capacity 16317K, committed 16640K, reserved 1064960K
  class space    used 1545K, capacity 1687K, committed 1792K, reserved 1048576K
}
Event: 3.412 GC heap after
{Heap after GC invocations=5 (full 0):
 garbage-first heap   total 76800K, used 4380K [0x00000000c2800000, 0x0000000100000000)
  region size 1024K, 3 young (3072K), 3 survivors (3072K)
 Metaspace       used 15968K, capacity 16317K, committed 16640K, reserved 1064960K
  class space    used 1545K, capacity 1687K, committed 1792K, reserved 1048576K
}
Event: 3.506 GC heap before
{Heap before GC invocations=5 (full 0):
 garbage-first heap   total 76800K, used 47388K [0x00000000c2800000, 0x0000000100000000)
  region size 1024K, 45 young (46080K), 3 survivors (3072K)
 Metaspace       used 15994K, capacity 16317K, committed 16640K, reserved 1064960K
  class space    used 1545K, capacity 1687K, committed 1792K, reserved 1048576K
}
Event: 3.516 GC heap after
{Heap after GC invocations=6 (full 0):
 garbage-first heap   total 76800K, used 4382K [0x00000000c2800000, 0x0000000100000000)
  region size 1024K, 3 young (3072K), 3 survivors (3072K)
 Metaspace       used 15994K, capacity 16317K, committed 16640K, reserved 1064960K
  class space    used 1545K, capacity 1687K, committed 1792K, reserved 1048576K
}
Event: 107.460 GC heap before
{Heap before GC invocations=6 (full 0):
 garbage-first heap   total 76800K, used 47390K [0x00000000c2800000, 0x0000000100000000)
  region size 1024K, 45 young (46080K), 3 survivors (3072K)
 Metaspace       used 17288K, capacity 17611K, committed 17920K, reserved 1064960K
  class space    used 1570K, capacity 1725K, committed 1792K, reserved 1048576K
}
Event: 107.473 GC heap after
{Heap after GC invocations=7 (full 0):
 garbage-first heap   total 76800K, used 5218K [0x00000000c2800000, 0x0000000100000000)
  region size 1024K, 3 young (3072K), 3 survivors (3072K)
 Metaspace       used 17288K, capacity 17611K, committed 17920K, reserved 1064960K
  class space    used 1570K, capacity 1725K, committed 1792K, reserved 1048576K
}

Deoptimization events (10 events):
Event: 54.551 Thread 0x000001549a740000 Uncommon trap: reason=class_check action=maybe_recompile pc=0x000001548f263788 method=controlP5.Controller.updateEvents()Ljava/lang/Object; @ 329 c2
Event: 56.688 Thread 0x000001549a740000 Uncommon trap: reason=unstable_if action=reinterpret pc=0x000001548f27839c method=controlP5.ControlBroadcaster.broadcast(LcontrolP5/ControlEvent;I)LcontrolP5/ControlBroadcaster; @ 65 c2
Event: 109.678 Thread 0x00000154991cd800 Uncommon trap: reason=class_check action=maybe_recompile pc=0x000001548f2c784c method=java.awt.EventQueue.coalesceEvent(Ljava/awt/AWTEvent;I)Z @ 69 c2
Event: 109.887 Thread 0x00000154991cd800 Uncommon trap: reason=class_check action=maybe_recompile pc=0x000001548f2c784c method=java.awt.EventQueue.coalesceEvent(Ljava/awt/AWTEvent;I)Z @ 69 c2
Event: 109.907 Thread 0x00000154991cd800 Uncommon trap: reason=class_check action=maybe_recompile pc=0x000001548f2c784c method=java.awt.EventQueue.coalesceEvent(Ljava/awt/AWTEvent;I)Z @ 69 c2
Event: 127.558 Thread 0x000001549a740000 Uncommon trap: reason=unloaded action=reinterpret pc=0x000001548f27c614 method=jdk.internal.reflect.GeneratedMethodAccessor1.invoke(Ljava/lang/Object;[Ljava/lang/Object;)Ljava/lang/Object; @ 57 c2
Event: 127.702 Thread 0x000001549a740000 Uncommon trap: reason=unstable_if action=reinterpret pc=0x000001548f1e0e14 method=jdk.internal.org.objectweb.asm.Type.getArgumentsAndReturnSizes(Ljava/lang/String;)I @ 88 c2
Event: 127.753 Thread 0x000001549a740000 Uncommon trap: reason=unstable_if action=reinterpret pc=0x000001548f2b750c method=java.nio.ByteBuffer.order(Ljava/nio/ByteOrder;)Ljava/nio/ByteBuffer; @ 5 c2
Event: 127.794 Thread 0x00000154991cd800 Uncommon trap: reason=unstable_if action=reinterpret pc=0x000001548f2c34a4 method=java.awt.EventQueue.postEvent(Ljava/awt/AWTEvent;I)V @ 6 c2
Event: 133.925 Thread 0x000001549a740000 Uncommon trap: reason=unstable_if action=reinterpret pc=0x000001548f27a5d0 method=controlP5.ControlBroadcaster.broadcast(LcontrolP5/ControlEvent;I)LcontrolP5/ControlBroadcaster; @ 65 c2

Classes redefined (0 events):
No events

Internal exceptions (10 events):
Event: 127.793 Thread 0x000001549a740000 Exception <a 'java/io/IOException'{0x00000000c6bee740}> (0x00000000c6bee740) thrown at [t:/workspace/open/src/hotspot/share/prims/jni.cpp, line 611]
Event: 127.794 Thread 0x000001549a740000 Exception <a 'java/io/IOException'{0x00000000c6beefd8}> (0x00000000c6beefd8) thrown at [t:/workspace/open/src/hotspot/share/prims/jni.cpp, line 611]
Event: 127.794 Thread 0x000001549a740000 Exception <a 'java/io/IOException'{0x00000000c6bef5c0}> (0x00000000c6bef5c0) thrown at [t:/workspace/open/src/hotspot/share/prims/jni.cpp, line 611]
Event: 127.794 Thread 0x000001549a740000 Exception <a 'java/io/IOException'{0x00000000c6befb78}> (0x00000000c6befb78) thrown at [t:/workspace/open/src/hotspot/share/prims/jni.cpp, line 611]
Event: 127.794 Thread 0x000001549a740000 Exception <a 'java/io/IOException'{0x00000000c6bf0418}> (0x00000000c6bf0418) thrown at [t:/workspace/open/src/hotspot/share/prims/jni.cpp, line 611]
Event: 127.794 Thread 0x000001549a740000 Exception <a 'java/io/IOException'{0x00000000c6bf0a00}> (0x00000000c6bf0a00) thrown at [t:/workspace/open/src/hotspot/share/prims/jni.cpp, line 611]
Event: 127.794 Thread 0x000001549a740000 Exception <a 'java/io/IOException'{0x00000000c6bf0fb8}> (0x00000000c6bf0fb8) thrown at [t:/workspace/open/src/hotspot/share/prims/jni.cpp, line 611]
Event: 127.794 Thread 0x000001549a740000 Exception <a 'java/io/IOException'{0x00000000c6bf1670}> (0x00000000c6bf1670) thrown at [t:/workspace/open/src/hotspot/share/prims/jni.cpp, line 611]
Event: 127.794 Thread 0x000001549a740000 Exception <a 'java/io/IOException'{0x00000000c6bf1c58}> (0x00000000c6bf1c58) thrown at [t:/workspace/open/src/hotspot/share/prims/jni.cpp, line 611]
Event: 127.794 Thread 0x000001549a740000 Exception <a 'java/io/IOException'{0x00000000c6bf2210}> (0x00000000c6bf2210) thrown at [t:/workspace/open/src/hotspot/share/prims/jni.cpp, line 611]

Events (10 events):
Event: 127.785 loading class java/util/Formattable
Event: 127.785 loading class java/util/Formattable done
Event: 127.794 Thread 0x00000154991cd800 Uncommon trap: trap_request=0xffffff55 fr.pc=0x000001548f2c34a4 relative=0x0000000000002964
Event: 127.794 Thread 0x00000154991cd800 DEOPT PACKING pc=0x000001548f2c34a4 sp=0x000000078a0fea00
Event: 127.794 Thread 0x00000154991cd800 DEOPT UNPACKING pc=0x00000154876f7f29 sp=0x000000078a0fe908 mode 2
Event: 133.925 Thread 0x000001549a740000 Uncommon trap: trap_request=0xffffff55 fr.pc=0x000001548f27a5d0 relative=0x0000000000000750
Event: 133.926 Thread 0x000001549a740000 DEOPT PACKING pc=0x000001548f27a5d0 sp=0x000000078a2fe910
Event: 133.926 Thread 0x000001549a740000 DEOPT UNPACKING pc=0x00000154876f7f29 sp=0x000000078a2fe918 mode 2
Event: 133.950 loading class java/lang/StringCoding$StringEncoder
Event: 133.951 loading class java/lang/StringCoding$StringEncoder done


Dynamic libraries:
0x00007ff788530000 - 0x00007ff78856e000 	C:\Program Files (x86)\Common Files\Oracle\Java\javapath\javaw.exe
0x00007ffc86f30000 - 0x00007ffc87111000 	C:\WINDOWS\SYSTEM32\ntdll.dll
0x00007ffc75b60000 - 0x00007ffc75b94000 	C:\Program Files\AVAST Software\Avast\x64\aswhooka.dll
0x00007ffc84c90000 - 0x00007ffc84d42000 	C:\WINDOWS\System32\KERNEL32.DLL
0x00007ffc83d00000 - 0x00007ffc83f73000 	C:\WINDOWS\System32\KERNELBASE.dll
0x00007ffc86c30000 - 0x00007ffc86cd1000 	C:\WINDOWS\System32\ADVAPI32.dll
0x00007ffc84470000 - 0x00007ffc8450e000 	C:\WINDOWS\System32\msvcrt.dll
0x00007ffc86b40000 - 0x00007ffc86b9b000 	C:\WINDOWS\System32\sechost.dll
0x00007ffc84d50000 - 0x00007ffc84e74000 	C:\WINDOWS\System32\RPCRT4.dll
0x00007ffc84910000 - 0x00007ffc84aa0000 	C:\WINDOWS\System32\USER32.dll
0x00007ffc843a0000 - 0x00007ffc843c0000 	C:\WINDOWS\System32\win32u.dll
0x00007ffc84ef0000 - 0x00007ffc84f18000 	C:\WINDOWS\System32\GDI32.dll
0x00007ffc83300000 - 0x00007ffc83492000 	C:\WINDOWS\System32\gdi32full.dll
0x00007ffc84090000 - 0x00007ffc8412f000 	C:\WINDOWS\System32\msvcp_win.dll
0x00007ffc834f0000 - 0x00007ffc835ea000 	C:\WINDOWS\System32\ucrtbase.dll
0x00007ffc6ec20000 - 0x00007ffc6ee89000 	C:\WINDOWS\WinSxS\amd64_microsoft.windows.common-controls_6595b64144ccf1df_6.0.17134.191_none_fb3e94b130690543\COMCTL32.dll
0x00007ffc86810000 - 0x00007ffc86b33000 	C:\WINDOWS\System32\combase.dll
0x00007ffc84130000 - 0x00007ffc841aa000 	C:\WINDOWS\System32\bcryptPrimitives.dll
0x00007ffc7def0000 - 0x00007ffc7defa000 	C:\WINDOWS\SYSTEM32\VERSION.dll
0x00007ffc86ba0000 - 0x00007ffc86bcd000 	C:\WINDOWS\System32\IMM32.DLL
0x00007ffc5d960000 - 0x00007ffc5da4f000 	C:\Program Files\Java\jre-10.0.2\bin\msvcr120.dll
0x00007ffc5d8b0000 - 0x00007ffc5d956000 	C:\Program Files\Java\jre-10.0.2\bin\msvcp120.dll
0x0000000055690000 - 0x0000000056100000 	C:\Program Files\Java\jre-10.0.2\bin\server\jvm.dll
0x00007ffc84780000 - 0x00007ffc84788000 	C:\WINDOWS\System32\PSAPI.DLL
0x00007ffc81fb0000 - 0x00007ffc81fb9000 	C:\WINDOWS\SYSTEM32\WSOCK32.dll
0x00007ffc84e80000 - 0x00007ffc84eec000 	C:\WINDOWS\System32\WS2_32.dll
0x00007ffc73160000 - 0x00007ffc73183000 	C:\WINDOWS\SYSTEM32\WINMM.dll
0x00007ffc73130000 - 0x00007ffc7315a000 	C:\WINDOWS\SYSTEM32\WINMMBASE.dll
0x00007ffc834a0000 - 0x00007ffc834e9000 	C:\WINDOWS\System32\cfgmgr32.dll
0x00007ffc6a5d0000 - 0x00007ffc6a5df000 	C:\Program Files\Java\jre-10.0.2\bin\verify.dll
0x00007ffc81c50000 - 0x00007ffc81e19000 	C:\WINDOWS\SYSTEM32\DBGHELP.DLL
0x00007ffc7c940000 - 0x00007ffc7c969000 	C:\WINDOWS\SYSTEM32\dbgcore.DLL
0x00007ffc61600000 - 0x00007ffc61627000 	C:\Program Files\Java\jre-10.0.2\bin\java.dll
0x00007ffc615e0000 - 0x00007ffc615f6000 	C:\Program Files\Java\jre-10.0.2\bin\zip.dll
0x00007ffc6a0b0000 - 0x00007ffc6a0ba000 	C:\Program Files\Java\jre-10.0.2\bin\jimage.dll
0x00007ffc84f20000 - 0x00007ffc86360000 	C:\WINDOWS\System32\SHELL32.dll
0x00007ffc843c0000 - 0x00007ffc84469000 	C:\WINDOWS\System32\shcore.dll
0x00007ffc835f0000 - 0x00007ffc83cfd000 	C:\WINDOWS\System32\windows.storage.dll
0x00007ffc86bd0000 - 0x00007ffc86c21000 	C:\WINDOWS\System32\shlwapi.dll
0x00007ffc832e0000 - 0x00007ffc832f1000 	C:\WINDOWS\System32\kernel.appcore.dll
0x00007ffc832c0000 - 0x00007ffc832df000 	C:\WINDOWS\System32\profapi.dll
0x00007ffc83270000 - 0x00007ffc832bc000 	C:\WINDOWS\System32\powrprof.dll
0x00007ffc83240000 - 0x00007ffc8324a000 	C:\WINDOWS\System32\FLTLIB.DLL
0x00007ffc61530000 - 0x00007ffc6154a000 	C:\Program Files\Java\jre-10.0.2\bin\net.dll
0x00007ffc7bdd0000 - 0x00007ffc7beac000 	C:\WINDOWS\SYSTEM32\WINHTTP.dll
0x00007ffc82a60000 - 0x00007ffc82ac6000 	C:\WINDOWS\system32\mswsock.dll
0x00007ffc61510000 - 0x00007ffc61521000 	C:\Program Files\Java\jre-10.0.2\bin\nio.dll
0x00007ffc5ce70000 - 0x00007ffc5d00b000 	C:\Program Files\Java\jre-10.0.2\bin\awt.dll
0x00007ffc84510000 - 0x00007ffc845d2000 	C:\WINDOWS\System32\OLEAUT32.dll
0x00007ffc80690000 - 0x00007ffc80c57000 	C:\WINDOWS\SYSTEM32\d2d1.dll
0x00007ffc81580000 - 0x00007ffc8160b000 	C:\WINDOWS\SYSTEM32\apphelp.dll
0x00007ffc818b0000 - 0x00007ffc81948000 	C:\WINDOWS\system32\uxtheme.dll
0x00007ffc84b10000 - 0x00007ffc84c85000 	C:\WINDOWS\System32\MSCTF.dll
0x00007ffc81980000 - 0x00007ffc819a9000 	C:\WINDOWS\system32\dwmapi.dll
0x00007ffc86d00000 - 0x00007ffc86e51000 	C:\WINDOWS\System32\ole32.dll
0x00007ffc6bd80000 - 0x00007ffc6bea0000 	C:\WINDOWS\system32\opengl32.dll
0x00007ffc7bf40000 - 0x00007ffc7bf6c000 	C:\WINDOWS\SYSTEM32\GLU32.dll
0x00007ffc5f730000 - 0x00007ffc5f795000 	C:\Program Files\Java\jre-10.0.2\bin\fontmanager.dll
0x0000000010000000 - 0x000000001005a000 	D:\BLACK FILES\MultiWiiConf\application.windows64\jogl.dll
0x00000000555c0000 - 0x0000000055689000 	C:\WINDOWS\WinSxS\amd64_microsoft.vc80.crt_1fc8b3b9a1e18e3b_8.0.50727.9445_none_88df21dd2faf7c49\MSVCR80.dll
0x00007ffc69890000 - 0x00007ffc69897000 	C:\Program Files\Java\jre-10.0.2\bin\jawt.dll
0x00000000007d0000 - 0x00000000007d7000 	D:\BLACK FILES\MultiWiiConf\application.windows64\jogl_awt.dll
0x00007ffc6cb80000 - 0x00007ffc6cc17000 	C:\WINDOWS\System32\TextInputFramework.dll
0x00007ffc7f040000 - 0x00007ffc7f35e000 	C:\WINDOWS\System32\CoreUIComponents.dll
0x00007ffc80f40000 - 0x00007ffc8101a000 	C:\WINDOWS\System32\CoreMessaging.dll
0x00007ffc823e0000 - 0x00007ffc82411000 	C:\WINDOWS\SYSTEM32\ntmarta.dll
0x00007ffc7ee80000 - 0x00007ffc7efcd000 	C:\WINDOWS\SYSTEM32\wintypes.dll
0x00007ffc52b80000 - 0x00007ffc53897000 	C:\WINDOWS\SYSTEM32\ig8icd64.dll
0x00007ffc7cb80000 - 0x00007ffc7d5c0000 	C:\WINDOWS\SYSTEM32\igdusc64.dll
0x00007ffc81e80000 - 0x00007ffc81e93000 	C:\WINDOWS\SYSTEM32\WTSAPI32.dll
0x00007ffc600b0000 - 0x00007ffc600f2000 	C:\Program Files\Java\jre-10.0.2\bin\t2k.dll
0x0000000180000000 - 0x0000000180025000 	D:\BLACK FILES\MultiWiiConf\application.windows64\rxtxSerial.dll
0x00007ffc81ef0000 - 0x00007ffc81fab000 	C:\WINDOWS\SYSTEM32\dxgi.dll
0x00007ffc80210000 - 0x00007ffc8051b000 	C:\WINDOWS\SYSTEM32\d3d11.dll
0x00007ffc7df30000 - 0x00007ffc7edfb000 	C:\WINDOWS\SYSTEM32\igd10iumd64.dll
0x00007ffc82d40000 - 0x00007ffc82d65000 	C:\WINDOWS\SYSTEM32\bcrypt.dll
0x00007ffc82d10000 - 0x00007ffc82d36000 	C:\WINDOWS\SYSTEM32\ncrypt.dll
0x00007ffc82cd0000 - 0x00007ffc82d06000 	C:\WINDOWS\SYSTEM32\NTASN1.dll

dbghelp: loaded successfully - version: 4.0.5 - missing functions: none
symbol engine: initialized successfully - sym options: 0x614 - pdb path: .;C:\Program Files (x86)\Common Files\Oracle\Java\javapath;C:\WINDOWS\SYSTEM32;C:\Program Files\AVAST Software\Avast\x64;C:\WINDOWS\WinSxS\amd64_microsoft.windows.common-controls_6595b64144ccf1df_6.0.17134.191_none_fb3e94b130690543;C:\Program Files\Java\jre-10.0.2\bin;C:\Program Files\Java\jre-10.0.2\bin\server;D:\BLACK FILES\MultiWiiConf\application.windows64;C:\WINDOWS\WinSxS\amd64_microsoft.vc80.crt_1fc8b3b9a1e18e3b_8.0.50727.9445_none_88df21dd2faf7c49

VM Arguments:
java_command: MultiWiiConf
java_class_path (initial): D:\BLACK FILES\MultiWiiConf\application.windows64\lib\MultiWiiConf.jar;D:\BLACK FILES\MultiWiiConf\application.windows64\lib\core.jar;D:\BLACK FILES\MultiWiiConf\application.windows64\lib\RXTXcomm.jar;D:\BLACK FILES\MultiWiiConf\application.windows64\lib\serial.jar;D:\BLACK FILES\MultiWiiConf\application.windows64\lib\controlP5.jar;D:\BLACK FILES\MultiWiiConf\application.windows64\lib\controlP5_ori.jar;D:\BLACK FILES\MultiWiiConf\application.windows64\lib\gluegen-rt.jar;D:\BLACK FILES\MultiWiiConf\application.windows64\lib\jogl.jar;D:\BLACK FILES\MultiWiiConf\application.windows64\lib\opengl.jar
Launcher Type: SUN_STANDARD

Logging:
Log output configuration:
#0: stdout all=warning uptime,level,tags
#1: stderr all=off uptime,level,tags

Environment Variables:
CLASSPATH=D:\BLACK FILES\MultiWiiConf\application.windows64\lib\MultiWiiConf.jar;D:\BLACK FILES\MultiWiiConf\application.windows64\lib\core.jar;D:\BLACK FILES\MultiWiiConf\application.windows64\lib\RXTXcomm.jar;D:\BLACK FILES\MultiWiiConf\application.windows64\lib\serial.jar;D:\BLACK FILES\MultiWiiConf\application.windows64\lib\controlP5.jar;D:\BLACK FILES\MultiWiiConf\application.windows64\lib\controlP5_ori.jar;D:\BLACK FILES\MultiWiiConf\application.windows64\lib\gluegen-rt.jar;D:\BLACK FILES\MultiWiiConf\application.windows64\lib\jogl.jar;D:\BLACK FILES\MultiWiiConf\application.windows64\lib\opengl.jar
PATH=C:\Program Files (x86)\Common Files\Oracle\Java\javapath;C:\Program Files (x86)\Intel\TXE Components\TCS;C:\Program Files\Intel\TXE Components\TCS;C:\WINDOWS\system32;C:\WINDOWS;C:\WINDOWS\System32\Wbem;C:\WINDOWS\System32\WindowsPowerShell\v1.0;C:\Program Files\Intel\TXE Components\DAL;C:\Program Files (x86)\Intel\TXE Components\DAL;C:\Program Files\Intel\TXE Components\IPT;C:\Program Files (x86)\Intel\TXE Components\IPT;C:\Program Files (x86)\PuTTY;C:\Program Files\Git\cmd;C:\Program Files\Java\jdk-10.0.2\bin
USERNAME=Teacher
OS=Windows_NT
PROCESSOR_IDENTIFIER=Intel64 Family 6 Model 76 Stepping 4, GenuineIntel



---------------  S Y S T E M  ---------------

OS: Windows 10 , 64 bit Build 17134 (10.0.17134.1)

CPU:total 2 (initial active 2) (2 cores per cpu, 1 threads per core) family 6 model 76 stepping 4, cmov, cx8, fxsr, mmx, sse, sse2, sse3, ssse3, sse4.1, sse4.2, popcnt, aes, clmul, erms, 3dnowpref, tsc, tscinvbit

Memory: 4k page, physical 4026052k(1514936k free), swap 5467844k(2748772k free)

vm_info: Java HotSpot(TM) 64-Bit Server VM (10.0.2+13) for windows-amd64 JRE (10.0.2+13), built on Jun 28 2018 01:57:56 by "mach5one" with MS VC++ 12.0 (VS2013)

END.
